SF:lib/services/marvel_service.dart
DA:16,1
DA:19,1
DA:22,1
DA:23,3
DA:26,1
DA:28,3
DA:29,1
DA:32,2
DA:33,2
DA:34,1
DA:36,1
LF:11
LH:11
end_of_record
SF:lib/src/models/characters_response_model.dart
DA:7,4
DA:11,2
DA:12,2
DA:13,4
LF:4
LH:4
end_of_record
SF:lib/src/datasources/remote/characters_remote_data_impl.dart
DA:9,1
DA:12,1
DA:16,1
DA:18,3
DA:20,1
LF:5
LH:5
end_of_record
SF:lib/src/entities/character.dart
DA:7,9
DA:12,0
DA:13,0
LF:3
LH:1
end_of_record
SF:lib/src/models/character_model.dart
DA:4,7
DA:7,4
DA:9,8
DA:10,4
DA:11,4
LF:5
LH:5
end_of_record
SF:lib/src/models/characters_data_model.dart
DA:6,5
DA:10,6
DA:11,7
DA:12,9
DA:13,3
LF:5
LH:5
end_of_record
SF:lib/src/entities/failure.dart
DA:4,0
DA:5,0
DA:11,3
DA:15,1
DA:16,2
DA:22,0
DA:26,0
DA:27,0
LF:8
LH:3
end_of_record
SF:lib/src/repositories/characters_repository_impl.dart
DA:10,1
DA:13,1
DA:17,1
DA:19,3
DA:20,3
DA:22,2
LF:6
LH:6
end_of_record
SF:lib/src/pages/home/characters_change_notifier.dart
DA:8,1
DA:11,1
DA:16,2
DA:18,1
DA:19,2
DA:20,1
DA:22,3
DA:24,1
DA:25,1
DA:26,2
DA:27,1
DA:29,1
DA:30,1
DA:31,2
DA:33,2
DA:35,1
LF:16
LH:16
end_of_record
SF:lib/src/pages/home/home_page_state.dart
DA:15,1
DA:23,1
LF:2
LH:2
end_of_record
SF:lib/src/usescases/get_characters.dart
DA:9,1
DA:12,1
DA:15,1
DA:16,3
LF:4
LH:4
end_of_record
